BUNDLE GENERATOR SEED: 1587400397957
cutlgZ,find_phone1
aZiFeL,on_off_switch_salon
UhFrxI,someone_arrived_home_tv_notification
TmMFqr,tell_me_if_my_teenager_is_trying_to_sneak_in_past_curfew
lAheBN,remind_me_every_month_that_real_artists_ship
DUaomU,close_the_garage_door
dvSkSl,press_qmote_to_turn_on_fan_for_15_minutes
sFqeoG,open_the_windows
ruKEXD,mention_of_humansofny_notify_on_tv
OWmJlX,meeteeweemoofan_is_smart_25_turn_on_fan
QBfZUq,iss_app
VbaJGp,notification_if_it_starts_to_rain_weather_wetter
ZtHAeV,if_you_turn_your_wemo_lights_on_you_will_receive_a_notifaction
OSxWCV,nest_hi_temp_gp_alert
vlUBuW,use_arlo_as_a_motion_sensor
dVrBbP,send_notification_when_the_outside_temp_cools_down_so_i_can_open_windows_and_turn_off_ac
xNgMoy,call_me_immediately_if_there_s_a_new_pug_gif_in_the_wild
kHWBmm,smartthings_switch_on_hue
tzncFN,tell_me_if_there_is_movement
wUlQzL,receive_a_notification_on_your_phone_when_your_amazon_alexa_timer_goes_off
uIlIIm,rain_is_on_it_s_way
gOfFDo,ryt
DHbdMJ,living_room_light_motion
deqOMO,receive_a_notification_if_motion_is_detected
jZflos,if_bad_weather_is_coming_than_shut_down_electric_devices
uIVAkd,reminder_to_get_coffee
ZCKOkr,carbon_monoxide_emergency_turns_on_all_wemo_lights
qHBNUE,ring_my_android_when_an_astronaut_enters_space
hfwJMY,phoney
hjFdDy,wif
yNHQor,sunapee_living_room_raises_above_80_degrees
dftiIs,if_alexa_timer_goes_off_turn_on_basement_lights
HVkqww,if_current_condition_changes_to_snow_send_a_notification
DanOsC,wi_fi_disconnection_notifier_for_android
xqtwAv,wemo_insight_switch_auto_off_after_minutes
eOnDmq,hi_yes
RNgYqQ,if_current_temperature_rises_above_then_turn_on_d_link_smart_plug
KSeEdC,when_a_device_disconnects_from_onhub_turn_off_philips_hue_lights
zoMNTI,if_the_temperature_rises_above____then_turn_on_the_fan_for_15_minutes
okPPGn,work_2
rNicar,littlebits_light_switch
hMowJK,jawbone_asleep_for_more_than_7_5_hours_then_you_get_a_call
rNJNSE,celcom
nUSrES,turn_on_the_fireplace_fan_when_the_fireplace_switch_it_turned_on
yXVPEz,turn_off_light_when_door_is_locked
LdXEKZ,if_a_particular_number_texts_sms_then_turn_up_phone_s_volume
TYnmKZ,si_on_alors_mettre_off
TUuQFw,check_arduino_temp
oTYQCY,lichter_aus
MDhdeM,controvo
JFQNmT,chilly
vSWcUA,onelamptorulethemall
zCKAQA,if_space_station_passes_over_kansas_city_notify_glass
qYhayn,turn_heater_on_temp_drops_below_32_degrees
oOcpGi,turn_on_the_lights
bzGrJD,receive_if_notification_if_check_engine_light_comes_on
UqxmRx,light_on_when_arrive_home
OZifKK,earth_hour_2015_smartthings_switch_off_lights
KLzKkH,if_weather_changes_change_pins_using_tinker_on_my_spark_core
MGSsXl,notify_me_when_i_m_kicked_off_my_home_wifi_so_i_don_t_burn_through_my_data_plan
cXRGIp,if_android_sms_received_from_number_then_turn_on_smartthings_switch
LCuqOs,when_the_outdoor_temperature_is_above_____turn_off_your_thermostat
xGIjHB,notify_on_mqtt_status_true
SdTYMN,complement_de_securite
BOZPJM,raincheck
TJzNGV,get_a_notification_when_an_astronaut_enters_space
zDOkee,TurnItOffAfter
ucwSJE,receive_a_notification_if_the_temperature_in_your_home_drops_below_a_certain_level
nwaXdn,robo_2_roboter_stopp
NIWrSj,wifi_off_upon_arrival_at_work
oOzUrh,LockItWhenILeave
vSNkqi,unmute_phone_when_connecting_to_station_wifi
xFdNZn,temp_drops_below_3_c
fghgGn,disarm_homeboy_with_smartthings_when_i_get_home
iteeJI,find_your_phone_in_your_house_with_your_wemo_light_switch
VPZNJw,if_temperature_rises_above_69_then_turn_on_cooler
BnxKKr,new_apps_google_play
zyFcgM,toggle_alarm_notification_when_presence_no_longer_detected
WsmeaA,if_august_lock_is_unlocked_turn_on_wemo_insight_switch
OfOJVs,disable_camera_recording
KCpBtZ,vai_chover
KXIKVW,wemo_insight_on_send_if_notification
gLaHEW,connect_to_onhub_turn_on_light
NyWmcW,send_me_an_if_notification_when_an_appliance_is_turned_off
AISCDL,don_t_forget_to_pay_that_rent_money
CKyTMF,of_you_connect_to_your_home_wifi_network_maximixe_phone_volume
XTPxOc,fan_thermostat
KBeknh,if_connected_to_office_wifi_reduce_ringtone_volume
acakvn,wlan_ausschalten_nach_trennung
aLYxzP,excessive_smartphone_screen_unlocks_turn_the_light_off
fpaAWJ,can_t_miss_his_msg
SRJbeg,raining
VfcWjE,turn_on_nest_fan_when_temperature_drops_below_a_specified_temperature
vrEgPb,control_your_hue_lights_from_your_smartwatch
pqbbKA,notify_me_on_the_bmw_dashboard_about_unlock_events
JPNhha,if_its_bright_turn_off_the_light
JXhXqB,smart_wifi
QKSQqj,a_reminder_about_the_start_of_the_concluding_season_of_breaking_bad
XFUUYJ,if_your_nest_protect_detects_a_carbon_monoxide_warning_then_get_a_notification_via_google_glass
NWrqog,save_wifi
mSMDHY,SprayerController2
ZAOgBd,free_app_notification
MIbOhk,play_super_mario_bros_or_anything_else_whenever_you_hit_the_do_button
wopkYP,if_your_timer_goes_off_then_switch_on_sonos_through_smartthings_timesup
dVOqaW,if_current_temperature_rises_above_21_c_then_enable_a_quick_action
aXQIfL,rain_send_me_ipod_notfication
MLUdKm,appzapp_to_google_play
djHKcO,wertmarken
mAaMKO,check_kids_are_not_in_the_car
xdMcnz,LockDoorafterXminutes
Xlkdyn,if_wemo_switch_off_send_notification
MKicIP,activate_window_fan
ivEUwz,if_notifications_for_when_an_astronaut_enters_space
OXUxQY,harmony_to_wemo_via_smartthings_on
onFhIe,notify_me_when_a_top_app_has_gone_free_in_google_play_store
ZBkCrL,turn_on
vpgQpB,if_your_etrv_temp_drops_below_____then_get_a_notification
ULegmD,temp_rises_above_10_c
ejWqib,iss_flyover
jIbBDA,email_with_nyt_technology_articles_that_became_popular
JOaQHC,turn_a_c_off
entZCj,turn_off_exterior_lights_for_earth_hour_2015
ihilFn,if_any_phone_call_missed_then_set_ringtone_volume_to_100
goDeNq,if_your_spotcam_detects_motion_then_turn_on_your_lifx
JQIBIZ,receive_a_notification_when_a_certain_device_disconnects_from_onhub
OWmubA,MakeItSo
rhOyGk,if_it_going_to_rain_today_send_me_a_notification
ZMgzaR,if_current_condition_changes_to_rain_then_tell_me
FblOuL,receive_a_notification_when_the_temperature_drops_below_a_certain_threshold
tiSSTA,turn_on_switch_when_arrive
yOVxcq,check_engine_light_turned_on_send_a_note_to_android_wear
GYYfyt,if_phone_call_missed_from_then_turn_on_d_link_smart_plug
wmYOkn,new_dyndns_sla_time_to_boxcar
QBCvIe,notify_when_wemo_is_on
eHXhZW,turn_off_a_homeseer_device
pnOdZc,find_your_phone
OKzzgM,icy_weather_alert_for_samsung_smartthings
rgcvSW,intruder_quick_turn_on_the_lights
tLGOPT,send_a_notification_with_your_location
uQJMQY,IfFloodTurnValveOff
KBUzFA,home_ring_level_set
LafeSu,receive_a_dashboard_notification_if_your_smartthings_detects_motion
anNhGC,umbrella_check
crBkon,DoorLockAuto
DLdzlq,slept_too_little_get_notified
nJwFCW,phone_locator_with_kitchen_switch
RtmIlZ,pushover_when_lights_turn_off
egQOjj,si_mi_movil_se_desconecta_del_mi_wifi_entonces_apaga_algo
WPWDWf,GDoor
uMdMMQ,alexa_s_alarm_plays_song_on_phone
efXPCk,turn_your_ringer_back_on_whenever_a_focustime_session_finishes
FkwJlG,set_your_almond_to_away_mode
taUxMp,boxcar_dude_where_s_my_car
ZUcuGj,remind_you_to_open_your_windows_when_it_cools_down
xEVhZz,notification_if_a_top_app_on_google_play_goes_on_sale
yloWcc,notification_when_motion_detected
yzXgDR,if_temperature_rises_above_80_f_send_me_an_notification
DmxVfr,play_song_on_phone_when_alexa_timer_goes_off
XcnzSm,home_rest
XknGks,ImprovedPowerAllowance
ywALAF,remind_yourself_to_pay_the_rent
zrRQFW,ThermostatWindowCheck
HIxuZP,check_heating_system
kDBKcD,turn_on_the_fan_for_the_dogs_if_the_temperature_goes_above_30_degrees_celsius
ytckGc,if_temp_rises_above____send_if_notification
QNKvYc,if_temperature_rises_above_x_turn_on_d_link_smart_plug
kGXdeb,push_notification_when_temp_rises_above_80f
XaJZje,sydney_maybe_raining
cAwPTu,raining_turn_sprinklers_off
BpEBzy,send_an_notification_if_check_engine_light_turns_on
uRNJIw,arlo_triggers_call
cIkzNv,alert_me_when_an_astronaut_enters_space
vPVxOt,turn_on_the_lamp_when_i_get_home
xEawTL,freezing_temperature_alert
dIIkEB,MotionModeChange
WLuIsV,receive_a_pushover_notification_when_starts_raining
yfyCvz,turn_off_wi_fi_when_your_door_is_locked
VKXaPN,if_home_then_turn_volume_to_20
ldOErI,turn_off_ringer_when_you_disconnect_from_a_wifi_network
IhZGZI,if_current_condition_is_changed_to_rain_send_me_a_notification
xJzser,too_confused_to_understand
tacYiC,if_connects_to_home_work_wifi_turn_bluetooth_on
FkvhfK,car_repair_encouragement
IxLpWT,sensibo_smarthings_ac_temp_sensor_off
tyJpOv,turn_any_wemo_switch_into_a_useless_machine
jBlxFU,if_your_nest_protect_detects_a_carbon_monoxide_warning_then_get_an_if_notification
NLaBAw,last_one_out_turn_off_the_lights
lDEHkl,time_to_enjoy_the_sun_outside
NTxxXx,motion_at_front_door_turn_on_lights
CugYbx,if_anything_pops_up_on_your_soundcloud_feed_you_get_notified
vxndTY,forget_no_more
ALamBe,george_light_off
hPSAqU,notify_when_iss_passes_over_me
LSJSTU,turn_on_wemo_switch_when_temperature_rises
yRpGHl,if_a_c_is_turned_on_lights_on
SLOuhR,Smartturniton
sACzWq,override_mute
dwElsf,wemo_off_then_on
NhsMyw,popular_business_article_to_my_phone
VgOoaM,silent_phone_if_in_office_wifi
fkdbTY,j
UAkyXL,notify_me_when_there_s_a_new_post_on_a_tumblr_blog_i_follow
nMdueT,tag_on
uYgXyy,notification_from_soundcloud
pSNaaB,dog_house_heater
fhOtIo,if_it_rains_turn_on_all_lights
TDtvZJ,turn_off_the_oven_when_you_lock_the_door_and_leave_home
MnrIAS,send_notification_when_the_outside_temp_warms_up_so_i_can_close_windows_and_turn_on_ac
ugLHPH,nuevo_mov_despues_de_60
YFvksj,send_an_android_wear_notice_if_it_is_currently_raining
PLNWNz,when_connected_to_work_wifi_set_to_vibrate
wKaflQ,if_ring_pro_motion_then_hue_light
FPFpXJ,if_a_person_approaches_turn_on_the_light
vbqsJq,never_miss_a_call_if_you_missed_one_already
zUublL,alexa_alarms
hTIfRl,when_connected_to_your_car_s_bluetooth_set_your_ringer_volume_to_100
KMqtGC,switch_light_or_siren_when_arlo_detects_movement
beEdzL,IlluminatedResponsetoUnexpectedVisitors
hLObxV,lowtempalert
wSabzp,ring_dlink
fYGTDs,missed_call_notification
DnbZgE,freezing_warning
QFCqmO,if_wemo_detected_motion_after_quiet_period_notify_me_on_android
zlDGNQ,temp_22
raMSBe,if_wemo_motion_turn_on_smartthings_switch
oKMRRM,hate_people_calling_you_on_your_birthday_mute_ring_tone
PLVHrR,turn_on_fan_for_15_minutes_w_a_doublepress
EDZFRo,turn_on_smappee_plug_when_temperature_drops_bellow_x
GkjEah,backup_your_computer
ysWhgB,nest_co2_emergency_turns_on_wemo_light_switches
BWNFNE,synchronize_a_homeseer_virtual_device_with_a_product_in_this_case_a_wemo_powered_table_lamp
OehUij,alert_my_daughter_to_a_text
bOnful,open_my_garage_door_when_i_get_home_and_turn_off_my_car
wcWPtO,contact_sync
CSTRHG,switch_my_appliance_off
MgiVjJ,real_time_rain_notification
oItVLi,turn_off_ringtone_when_driving
rmneCZ,send_yourself_a_phone_call
TcRwIr,if_roost_detects_an_alarm_then_send_a_notification_to_my_phone
Feuiph,if_temp_below_x_then_send_notification
dlKtWC,if_light_is_turned_off_send_pushover_message
sUbAVe,reminder_to_pay_rent
tqoIAI,notification_of_samsung_galaxy_s5_in_electric_blue_availability_change
kuKCAb,receive_a_notification_when_a_certain_person_arrives_home
aVXEtV,set_volume_when_home
yyVvkX,ChangeModeWhenItIsDark
Gqncrh,temp_ude
jAWsoF,if_i_disconnect_from_my_wifi_then_enable_a_quick_action
BgHAJC,wificonectmutesounds
iqzbSp,if_there_is_carbon_monoxide_emergency_by_nest_protect_then_open_my_windows
dGpmVp,alexa_alarm_triggers_lights
VjnEHK,automatically_turn_on_your_hue_lights_on_when_you_unlock_your_august_smart_lock
UfLVPq,snowy_weather_notification
cQQcHu,if_netatmo_detects_elevated_carbon_dioxide_notify_home_owner_through_cable_box
veqdNM,low_temperature_notification
mpkpNk,wemo_uit_dan_hue_uit
hpauqi,test_only
uSJVbS,OpeningDoorTogglesSwitch
qdFiGg,light_strip_rain_alert
bPBYpU,if_money_added_to_porkfolio_then_notify_me_including_amount_and_balance
NdZQDU,wifi_bluetooth_reconnect
mCXKmd,hot_at_home
bmxYFY,get_a_phone_call_if_smartthings_detects_moisture
oExWSR,SmartAlarm
GosTEo,if_motion_detected_then_call
vVrElH,low_cost_cooling
FSNBqJ,send_me_an_if_notification_when_an_appliance_is_turned_on
ikVVWs,sends_a_priority_notification_via_pushover_when_temperature_goes_below_zero_degrees_celsius
IZaOra,android_wear_snow_alert
vTYIto,LetThereBeLight
XSrOwj,turn_off_after_a_time
rpwwUn,if_temperature_drops_below_specific_level_turn_on_a_c_heating
VNTRHU,top_free_app_notification_e_g_gor_limited_time_enjoy_d
Hfhsgf,person_of_interest_fans_harold_finch_calls_to_warn_reese_of_the_temperature
wJoZoB,button_to_garage_door
zYVGMF,adjust_my_ecobee_temp_when_a_window_opens
qXTGwj,if_d_link_motion_sensor_detect_motion_then_turn_on_spotcam
eHduHE,turn_off_window_ac_when_temp_falls_to_certain_amount
PUODxy,rain_alert_to_ios_notification
pPEmQB,turn_on_volume_at_specific_place
auwPSA,turn_spotcam_night_mode_off
vtFnoR,turn_on_air_conditioner_when_temp_is_high
MpSvnC,home_wifi_ringtone_on
CsXBjJ,notify_your_bmw_about_sound_and_motion_events_from_nest_cam
djZnsg,make_your_phone_ring_when_your_amazon_alexa_alarm_goes_off
xoiOOh,if_you_are_connected_to_a_network_set_ringtone_volume_up
eZbxqR,happy_payday
RbxQeB,weather_alert
PQeRXQ,if_you_ask_amazon_echo_what_s_on_your_shopping_list_turn_off_wemo_insight_switch
ShtCTd,turn_off_all_lights_with_wemo
uyQcgV,dom
PMnUhM,tell_moni_to_turn_off_your_a_c
UEADcc,be_notified_when_you_miss_a_call
YzqCyF,turn_off_the_air_con_when_the_temperature_drops_below_25_degree_celsius
jRyNXS,turn_on_the_lights_when_your_amazon_alexa_alarm_goes_off
FqnaSd,this_is_my_applet
WhabSt,StatusThing
rNWSRU,nest_low_temperature_notification
Ywhfrm,disable_evohome_quick_action_based_on_netatmo_temperature
GnIcVf,reiniciado
NTiVwO,current_temperature_above_18c_turn_on_fan
hCTXNN,if_snowing_alert_via_google_glass
erVbwu,if_it_is_snowing_show_on_android_a_notification
BpvRVc,bring_the_dog_inside
UceVxX,set_ringtone_to_100_for_specified_caller
yxKpnl,if_arrives_home_then_turn_off_d_link_smart_plug
gXDQij,find_pontus_phone
kzuCJm,turn_on_lights_when_adding_to_to_do_list
BTAwVC,birthday_call
FlSpsx,facebook_fanpage_notification
sYPOxc,if_availability_of_samsung_galaxy_s5_in_electric_blue_changes_then_send_an_if_notification
CSDdCJ,garage_refrigerator_trigger_off
phdfTr,turn_on_wemo_switch_when_temperature_dips_below_38_degrees
AgyEIR,wemo_insight_switch_turns_on_with_wemo_light_switch
TAPdAk,if_temp_rises_more_than_76f_then_turn_on_fan
GQUUoQ,nest_winter_temperature_alert
FJapjB,rain_forecast_call_phone
SjwXqT,current_temperature_drops_below_40f
ZkNyUx,lock_up_after_me
hWLQrp,if_there_is_a_new_apod_by_nasa_send_me_a_notification
WcdaEl,disconnect_from_wifi_turn_off_wifi_on_phone_to_save_battery
Vzzmsj,lifx_turns_off_when_wifi_disconnects
ldmWnh,if_arlo_motion_camera_then_turn_on_sprinklers
fLNtEd,nest_75_ac_on
sJOXEN,if_outdoor_temperature_drops_below_73_turn_on_whole_house_fan
AYRnTZ,notify_my_android_if_it_s_snowing
FuGGgl,a_notification_will_tell_you_if_the_temperature_rises_above_28_degree_celsius
RQemQy,wifi_disconnect_warning
Fawrnr,phone_call_answer_turns_on_wemo_switch
SOmonF,FoscamPresenceAlarm
MeYwLL,trick_or_treat_wemo_motion_activated_spookifier
hGhRsP,knockers
JVsfAS,notify_me_when_nes_classic_goes_on_sale_at_best_buy
pekyuj,get_notified_if_you_didn_t_have_enough_sleep
HWiwLK,if_iss_passes_over_san_clemente_display_an_notification_with_details
bWSdpz,reminder_to_mute_your_android_device_at_pershore_christadelphian_hall_connected_to_wifi
tgdXvn,do_you_want_to_build_a_snowman
GOpIHe,free_top_app_store_app_notifier
rxiIFv,carbon_alarm_heating_off
hFVJxs,if_grandma_forgets_to_take_her_pills_then_call_me
msQgDv,SceneMachine
pzxeMd,switch_on_ventilation_when_air_quality_is_poor
OaasKG,mute_phone_at_university_by_eduroam
lkEgfL,it_s_cold
JQQxQl,close_an_opened_garage_door
ooFWmw,if_fan_only_mode_selected_then_send_a_notification
ezVdtw,if_it_s_raining_push_me_to_check_my_windows_are_shut_pushover_weather_rain
dhpYxM,whenhome
gWpyno,new_years_wake_up_wake_up_15_before_new_years
scGpqJ,apeluri_pierdute
oJGPWO,VacationLightingDirector
vhnbDm,exit_space_notification
pbrysk,g2
KPUoro,block_heater_control
DGQmyP,testing_on_off
qcOTxX,pushover_note_if_i_left_my_slowcooker_on_all_day
XfqKhW,july_4th
EQcVXK,aumentar_la_seguridad_vial_laboral_ii_si_apaga_el_motor_activa_el_sonido
cPKZrK,backup_ios_contacts_to_gmail_contacts
bWXFFW,making_a_murderer_manitowoc_tweets
aFYwpt,google_voice_active
ETkFFy,if_temp_21_c_notification
DlLgmt,get_an_notification_if_it_starts_raining
Zumgcf,tweet_mention
JGEOBO,GeTHR
rrqcdP,remind_me_to_disable_wi_fi_when_i_am_disconnected_from_a_wi_fi_network_android_4_2
xVfXBt,virtual_3_way_light_switch
EQvAMe,monthly_reminder_via_if_notification
lFQrqE,if_temperature_rises_above_specific_level_turn_on_a_c
zgZyzz,garage_door_opener_power_control
YqlByI,missed_call_notification_for_3g_tablet
HuJrqw,ring_motion_turn_light_on
nguigg,escape_from_situation_from_fake_call
iwjosL,when_connecting_to_home_wifi_the_ringtone_is_brought_up_to_100_no_more_mute
WgulpZ,ring_detects_motion_switch_on_entrance_light
XOtiNp,earth_hour
uuOOcO,notify_when_astronaut_exits_space
FOuWHV,if_door_panel_is_opened_turn_on_wemo
sdanby,alarm_goes_off_turn_on_lights
AyIGbh,trending_on_vine_notifications
wDiiNm,use_your_watch_to_get_out_of_an_awkward_situation
OwREwK,when_an_item_is_removed_from_the_echo_shopping_list_turn_off_wemo_insight_switch
TZEGwC,fan_in_my_bedroom
jXKYLc,sweater_weather
VyyjTg,tell_me_when_i_ve_slept_8_hours
BvLjaw,if_top_app_goes_free_in_the_apple_app_store_then_get_notified_on_pushover
BcHYNS,turn_on_my_light
FrGmCq,disarm_my_location
qCMyKO,snow_s_coming
BXwIpn,if_motion_detected_by_d_link_motion_sensor_then_send_a_notification
sTlPhK,if_your_timer_goes_off_then_stop_irrigation_in_all_zones
oHAAEO,tell_when_disconnect_from_specific_wifi_network
KHfEop,if_amazon_alexa_timer_goes_off_then_blink_wemo_switch
KhSSKC,turn_on_sonos_with_alexa_alarm
mrYjKF,on_the_road_switch_off_wifi
XNYTqB,automatic_turns_on_wemo
aqDShP,open_door
hnlGsf,receive_a_phone_notification_when_your_echo_alarm_goes_off
JmDQhu,front_room_automation
yWMmBP,freeze_alert
